<?xml version="1.0" encoding="UTF-8"?>
<!-- Generated by org.testng.reporters.JUnitReportReporter -->
<testsuite hostname="DESKTOP-K51ET9J" failures="0" tests="1" name="Selenium.basics.com.LoginPageValidation" time="6.585" errors="0" timestamp="2024-08-27T00:41:18 IST" skipped="0">
  <testcase classname="Selenium.basics.com.LoginPageValidation" name="testLoggingIntoApplication" time="6.585"/>
</testsuite> <!-- Selenium.basics.com.LoginPageValidation -->
