<?xml version="1.0" encoding="UTF-8"?>
<!-- Generated by org.testng.reporters.JUnitReportReporter -->
<testsuite hostname="DESKTOP-K51ET9J" failures="0" tests="1" name="Selenium.basics.com.LoginPageNegativeValidation" time="5.409" errors="0" timestamp="2024-08-27T00:45:00 IST" skipped="0">
  <testcase classname="Selenium.basics.com.LoginPageNegativeValidation" name="testLoggingIntoApplication" time="5.409"/>
</testsuite> <!-- Selenium.basics.com.LoginPageNegativeValidation -->
